2014-05-12 04:43:00.881 [main] [INFO ]  org.springframework.context.support.ClassPathXmlApplicationContext {AbstractApplicationContext.java:513} - Refreshing org.springframework.context.support.ClassPathXmlApplicationContext@55ba70e5: startup date [Mon May 12 04:43:00 CST 2014]; root of context hierarchy
2014-05-12 04:43:00.981 [main] [INFO ]  org.springframework.beans.factory.xml.XmlBeanDefinitionReader {XmlBeanDefinitionReader.java:316} - Loading XML bean definitions from class path resource [spring-core-config.xml]
2014-05-12 04:43:01.865 [main] [INFO ]  org.springframework.context.support.PropertySourcesPlaceholderConfigurer {PropertiesLoaderSupport.java:172} - Loading properties file from class path resource [coreDB.properties]
2014-05-12 04:43:06.204 [main] [DEBUG]  org.apache.ibatis.logging.LogFactory {LogFactory.java:128} - Logging initialized using 'class org.apache.ibatis.logging.slf4j.Slf4jImpl' adapter.
2014-05-12 04:43:56.982 [main] [INFO ]  org.springframework.context.support.ClassPathXmlApplicationContext {AbstractApplicationContext.java:513} - Refreshing org.springframework.context.support.ClassPathXmlApplicationContext@55ba70e5: startup date [Mon May 12 04:43:56 CST 2014]; root of context hierarchy
2014-05-12 04:43:57.028 [main] [INFO ]  org.springframework.beans.factory.xml.XmlBeanDefinitionReader {XmlBeanDefinitionReader.java:316} - Loading XML bean definitions from class path resource [spring-core-config.xml]
2014-05-12 04:43:57.438 [main] [INFO ]  org.springframework.context.support.PropertySourcesPlaceholderConfigurer {PropertiesLoaderSupport.java:172} - Loading properties file from class path resource [coreDB.properties]
2014-05-12 04:44:00.152 [main] [DEBUG]  org.apache.ibatis.logging.LogFactory {LogFactory.java:128} - Logging initialized using 'class org.apache.ibatis.logging.slf4j.Slf4jImpl' adapter.
2014-05-12 04:44:37.084 [main] [INFO ]  org.springframework.context.support.ClassPathXmlApplicationContext {AbstractApplicationContext.java:513} - Refreshing org.springframework.context.support.ClassPathXmlApplicationContext@4349f65b: startup date [Mon May 12 04:44:37 CST 2014]; root of context hierarchy
2014-05-12 04:44:37.130 [main] [INFO ]  org.springframework.beans.factory.xml.XmlBeanDefinitionReader {XmlBeanDefinitionReader.java:316} - Loading XML bean definitions from class path resource [spring-core-config.xml]
2014-05-12 04:44:37.545 [main] [INFO ]  org.springframework.context.support.PropertySourcesPlaceholderConfigurer {PropertiesLoaderSupport.java:172} - Loading properties file from class path resource [coreDB.properties]
2014-05-12 04:44:40.132 [main] [DEBUG]  org.apache.ibatis.logging.LogFactory {LogFactory.java:128} - Logging initialized using 'class org.apache.ibatis.logging.slf4j.Slf4jImpl' adapter.
2014-05-12 04:46:05.527 [main] [INFO ]  org.springframework.context.support.ClassPathXmlApplicationContext {AbstractApplicationContext.java:513} - Refreshing org.springframework.context.support.ClassPathXmlApplicationContext@55ba70e5: startup date [Mon May 12 04:46:05 CST 2014]; root of context hierarchy
2014-05-12 04:46:05.573 [main] [INFO ]  org.springframework.beans.factory.xml.XmlBeanDefinitionReader {XmlBeanDefinitionReader.java:316} - Loading XML bean definitions from class path resource [spring-core-config.xml]
2014-05-12 04:46:05.986 [main] [INFO ]  org.springframework.context.support.PropertySourcesPlaceholderConfigurer {PropertiesLoaderSupport.java:172} - Loading properties file from class path resource [coreDB.properties]
2014-05-12 04:46:08.487 [main] [DEBUG]  org.apache.ibatis.logging.LogFactory {LogFactory.java:128} - Logging initialized using 'class org.apache.ibatis.logging.slf4j.Slf4jImpl' adapter.
2014-05-12 04:50:41.268 [main] [INFO ]  org.springframework.context.support.ClassPathXmlApplicationContext {AbstractApplicationContext.java:513} - Refreshing org.springframework.context.support.ClassPathXmlApplicationContext@55ba70e5: startup date [Mon May 12 04:50:41 CST 2014]; root of context hierarchy
2014-05-12 04:50:41.314 [main] [INFO ]  org.springframework.beans.factory.xml.XmlBeanDefinitionReader {XmlBeanDefinitionReader.java:316} - Loading XML bean definitions from class path resource [spring-core-config.xml]
2014-05-12 04:50:41.726 [main] [INFO ]  org.springframework.context.support.PropertySourcesPlaceholderConfigurer {PropertiesLoaderSupport.java:172} - Loading properties file from class path resource [coreDB.properties]
2014-05-12 04:50:44.176 [main] [DEBUG]  org.apache.ibatis.logging.LogFactory {LogFactory.java:128} - Logging initialized using 'class org.apache.ibatis.logging.slf4j.Slf4jImpl' adapter.
2014-05-12 04:51:23.640 [main] [INFO ]  org.springframework.context.support.ClassPathXmlApplicationContext {AbstractApplicationContext.java:513} - Refreshing org.springframework.context.support.ClassPathXmlApplicationContext@55ba70e5: startup date [Mon May 12 04:51:23 CST 2014]; root of context hierarchy
2014-05-12 04:51:23.686 [main] [INFO ]  org.springframework.beans.factory.xml.XmlBeanDefinitionReader {XmlBeanDefinitionReader.java:316} - Loading XML bean definitions from class path resource [spring-core-config.xml]
2014-05-12 04:51:24.096 [main] [INFO ]  org.springframework.context.support.PropertySourcesPlaceholderConfigurer {PropertiesLoaderSupport.java:172} - Loading properties file from class path resource [coreDB.properties]
2014-05-12 04:51:26.581 [main] [DEBUG]  org.apache.ibatis.logging.LogFactory {LogFactory.java:128} - Logging initialized using 'class org.apache.ibatis.logging.slf4j.Slf4jImpl' adapter.
2014-05-12 04:53:10.289 [main] [INFO ]  org.springframework.context.support.ClassPathXmlApplicationContext {AbstractApplicationContext.java:513} - Refreshing org.springframework.context.support.ClassPathXmlApplicationContext@5249c469: startup date [Mon May 12 04:53:10 CST 2014]; root of context hierarchy
2014-05-12 04:53:10.336 [main] [INFO ]  org.springframework.beans.factory.xml.XmlBeanDefinitionReader {XmlBeanDefinitionReader.java:316} - Loading XML bean definitions from class path resource [spring-core-config.xml]
2014-05-12 04:53:10.745 [main] [INFO ]  org.springframework.context.support.PropertySourcesPlaceholderConfigurer {PropertiesLoaderSupport.java:172} - Loading properties file from class path resource [coreDB.properties]
2014-05-12 04:53:13.198 [main] [DEBUG]  org.apache.ibatis.logging.LogFactory {LogFactory.java:128} - Logging initialized using 'class org.apache.ibatis.logging.slf4j.Slf4jImpl' adapter.
2014-05-12 04:54:59.218 [main] [INFO ]  org.springframework.context.support.ClassPathXmlApplicationContext {AbstractApplicationContext.java:513} - Refreshing org.springframework.context.support.ClassPathXmlApplicationContext@291bfe83: startup date [Mon May 12 04:54:59 CST 2014]; root of context hierarchy
2014-05-12 04:54:59.263 [main] [INFO ]  org.springframework.beans.factory.xml.XmlBeanDefinitionReader {XmlBeanDefinitionReader.java:316} - Loading XML bean definitions from class path resource [spring-core-config.xml]
2014-05-12 04:54:59.674 [main] [INFO ]  org.springframework.context.support.PropertySourcesPlaceholderConfigurer {PropertiesLoaderSupport.java:172} - Loading properties file from class path resource [coreDB.properties]
2014-05-12 04:55:02.209 [main] [DEBUG]  org.apache.ibatis.logging.LogFactory {LogFactory.java:128} - Logging initialized using 'class org.apache.ibatis.logging.slf4j.Slf4jImpl' adapter.
2014-05-12 04:59:32.300 [main] [INFO ]  org.springframework.context.support.ClassPathXmlApplicationContext {AbstractApplicationContext.java:513} - Refreshing org.springframework.context.support.ClassPathXmlApplicationContext@435d671a: startup date [Mon May 12 04:59:32 CST 2014]; root of context hierarchy
2014-05-12 04:59:32.346 [main] [INFO ]  org.springframework.beans.factory.xml.XmlBeanDefinitionReader {XmlBeanDefinitionReader.java:316} - Loading XML bean definitions from class path resource [spring-core-config.xml]
2014-05-12 04:59:32.768 [main] [INFO ]  org.springframework.context.support.PropertySourcesPlaceholderConfigurer {PropertiesLoaderSupport.java:172} - Loading properties file from class path resource [coreDB.properties]
2014-05-12 04:59:35.286 [main] [DEBUG]  org.apache.ibatis.logging.LogFactory {LogFactory.java:128} - Logging initialized using 'class org.apache.ibatis.logging.slf4j.Slf4jImpl' adapter.
2014-05-12 05:06:07.410 [main] [INFO ]  org.springframework.context.support.ClassPathXmlApplicationContext {AbstractApplicationContext.java:513} - Refreshing org.springframework.context.support.ClassPathXmlApplicationContext@6ebe20a: startup date [Mon May 12 05:06:07 CST 2014]; root of context hierarchy
2014-05-12 05:06:07.459 [main] [INFO ]  org.springframework.beans.factory.xml.XmlBeanDefinitionReader {XmlBeanDefinitionReader.java:316} - Loading XML bean definitions from class path resource [spring-core-config.xml]
2014-05-12 05:06:07.875 [main] [INFO ]  org.springframework.context.support.PropertySourcesPlaceholderConfigurer {PropertiesLoaderSupport.java:172} - Loading properties file from class path resource [coreDB.properties]
2014-05-12 05:06:10.352 [main] [DEBUG]  org.apache.ibatis.logging.LogFactory {LogFactory.java:128} - Logging initialized using 'class org.apache.ibatis.logging.slf4j.Slf4jImpl' adapter.
2014-05-12 05:11:49.891 [main] [INFO ]  org.springframework.context.support.ClassPathXmlApplicationContext {AbstractApplicationContext.java:513} - Refreshing org.springframework.context.support.ClassPathXmlApplicationContext@2c851425: startup date [Mon May 12 05:11:49 CST 2014]; root of context hierarchy
2014-05-12 05:11:49.938 [main] [INFO ]  org.springframework.beans.factory.xml.XmlBeanDefinitionReader {XmlBeanDefinitionReader.java:316} - Loading XML bean definitions from class path resource [spring-core-config.xml]
2014-05-12 05:11:50.348 [main] [INFO ]  org.springframework.context.support.PropertySourcesPlaceholderConfigurer {PropertiesLoaderSupport.java:172} - Loading properties file from class path resource [coreDB.properties]
2014-05-12 05:11:52.869 [main] [DEBUG]  org.apache.ibatis.logging.LogFactory {LogFactory.java:128} - Logging initialized using 'class org.apache.ibatis.logging.slf4j.Slf4jImpl' adapter.
2014-05-12 05:23:57.116 [main] [INFO ]  org.springframework.context.support.ClassPathXmlApplicationContext {AbstractApplicationContext.java:513} - Refreshing org.springframework.context.support.ClassPathXmlApplicationContext@498a3a46: startup date [Mon May 12 05:23:57 CST 2014]; root of context hierarchy
2014-05-12 05:23:57.166 [main] [INFO ]  org.springframework.beans.factory.xml.XmlBeanDefinitionReader {XmlBeanDefinitionReader.java:316} - Loading XML bean definitions from class path resource [spring-core-config.xml]
2014-05-12 05:23:57.581 [main] [INFO ]  org.springframework.context.support.PropertySourcesPlaceholderConfigurer {PropertiesLoaderSupport.java:172} - Loading properties file from class path resource [coreDB.properties]
2014-05-12 05:24:00.095 [main] [DEBUG]  org.apache.ibatis.logging.LogFactory {LogFactory.java:128} - Logging initialized using 'class org.apache.ibatis.logging.slf4j.Slf4jImpl' adapter.
2014-05-12 05:24:28.010 [main] [INFO ]  org.springframework.context.support.ClassPathXmlApplicationContext {AbstractApplicationContext.java:513} - Refreshing org.springframework.context.support.ClassPathXmlApplicationContext@368f7f42: startup date [Mon May 12 05:24:28 CST 2014]; root of context hierarchy
2014-05-12 05:24:28.060 [main] [INFO ]  org.springframework.beans.factory.xml.XmlBeanDefinitionReader {XmlBeanDefinitionReader.java:316} - Loading XML bean definitions from class path resource [spring-core-config.xml]
2014-05-12 05:24:28.475 [main] [INFO ]  org.springframework.context.support.PropertySourcesPlaceholderConfigurer {PropertiesLoaderSupport.java:172} - Loading properties file from class path resource [coreDB.properties]
2014-05-12 05:24:30.976 [main] [DEBUG]  org.apache.ibatis.logging.LogFactory {LogFactory.java:128} - Logging initialized using 'class org.apache.ibatis.logging.slf4j.Slf4jImpl' adapter.
2014-05-12 05:25:37.677 [main] [INFO ]  org.springframework.context.support.ClassPathXmlApplicationContext {AbstractApplicationContext.java:513} - Refreshing org.springframework.context.support.ClassPathXmlApplicationContext@11f7ef62: startup date [Mon May 12 05:25:37 CST 2014]; root of context hierarchy
2014-05-12 05:25:37.729 [main] [INFO ]  org.springframework.beans.factory.xml.XmlBeanDefinitionReader {XmlBeanDefinitionReader.java:316} - Loading XML bean definitions from class path resource [spring-core-config.xml]
2014-05-12 05:25:38.138 [main] [INFO ]  org.springframework.context.support.PropertySourcesPlaceholderConfigurer {PropertiesLoaderSupport.java:172} - Loading properties file from class path resource [coreDB.properties]
2014-05-12 05:25:40.611 [main] [DEBUG]  org.apache.ibatis.logging.LogFactory {LogFactory.java:128} - Logging initialized using 'class org.apache.ibatis.logging.slf4j.Slf4jImpl' adapter.
2014-05-14 21:09:37.232 [main] [INFO ]  org.springframework.context.support.ClassPathXmlApplicationContext {AbstractApplicationContext.java:513} - Refreshing org.springframework.context.support.ClassPathXmlApplicationContext@dfa4f8d: startup date [Wed May 14 21:09:37 CST 2014]; root of context hierarchy
2014-05-14 21:09:37.289 [main] [INFO ]  org.springframework.beans.factory.xml.XmlBeanDefinitionReader {XmlBeanDefinitionReader.java:316} - Loading XML bean definitions from class path resource [spring-core-config.xml]
2014-05-14 21:09:37.694 [main] [INFO ]  org.springframework.context.support.PropertySourcesPlaceholderConfigurer {PropertiesLoaderSupport.java:172} - Loading properties file from class path resource [coreDB.properties]
2014-05-14 21:09:42.641 [main] [DEBUG]  org.apache.ibatis.logging.LogFactory {LogFactory.java:128} - Logging initialized using 'class org.apache.ibatis.logging.slf4j.Slf4jImpl' adapter.
2014-05-14 21:10:47.696 [main] [INFO ]  org.springframework.context.support.ClassPathXmlApplicationContext {AbstractApplicationContext.java:513} - Refreshing org.springframework.context.support.ClassPathXmlApplicationContext@dfa4f8d: startup date [Wed May 14 21:10:47 CST 2014]; root of context hierarchy
2014-05-14 21:10:47.745 [main] [INFO ]  org.springframework.beans.factory.xml.XmlBeanDefinitionReader {XmlBeanDefinitionReader.java:316} - Loading XML bean definitions from class path resource [spring-core-config.xml]
2014-05-14 21:10:48.136 [main] [INFO ]  org.springframework.context.support.PropertySourcesPlaceholderConfigurer {PropertiesLoaderSupport.java:172} - Loading properties file from class path resource [coreDB.properties]
2014-05-14 21:10:50.615 [main] [DEBUG]  org.apache.ibatis.logging.LogFactory {LogFactory.java:128} - Logging initialized using 'class org.apache.ibatis.logging.slf4j.Slf4jImpl' adapter.
